2017-08-24 15:58:17 [436@SP-TI-A-C01]
An email to fmendoza@saludpol.gob.pe was added to queue: [GLPI #0000006] Nuevo incidente Impresora fallando
2017-08-24 15:58:17 [436@SP-TI-A-C01]
An email to dalvarezc@saludpol.gob.pe was added to queue: [GLPI #0000006] Nuevo incidente Impresora fallando
2017-08-24 15:58:19 [436@SP-TI-A-C01]
Correo de seguimiento enviado a fmendoza@saludpol.gob.pe: [GLPI #0000006] Nuevo incidente Impresora fallando
2017-08-24 15:58:22 [436@SP-TI-A-C01]
Correo de seguimiento enviado a dalvarezc@saludpol.gob.pe: [GLPI #0000006] Nuevo incidente Impresora fallando
2017-08-24 16:37:20 [3@SP-TI-A-C01]
An email to fmendoza@saludpol.gob.pe was added to queue: [GLPI #0000007] Nuevo incidente ACCESO
2017-08-24 16:37:23 [3@SP-TI-A-C01]
Correo de seguimiento enviado a fmendoza@saludpol.gob.pe: [GLPI #0000007] Nuevo incidente ACCESO
2017-08-24 16:47:36 [3@SP-TI-A-C01]
An email to fmendoza@saludpol.gob.pe was added to queue: [GLPI #0000008] Nuevo incidente Virus
2017-08-24 16:47:38 [3@SP-TI-A-C01]
Correo de seguimiento enviado a fmendoza@saludpol.gob.pe: [GLPI #0000008] Nuevo incidente Virus
2017-08-24 17:23:39 [3@SP-TI-A-C01]
An email to fmendoza@saludpol.gob.pe was added to queue: [GLPI #0000009] Nuevo incidente ERROR
2017-08-24 17:23:41 [3@SP-TI-A-C01]
Correo de seguimiento enviado a fmendoza@saludpol.gob.pe: [GLPI #0000009] Nuevo incidente ERROR
2017-08-24 17:31:36 [438@SP-TI-A-C01]
An email to fmendoza@saludpol.gob.pe was added to queue: [GLPI #0000006] Cierre de un incidente Impresora fallando
2017-08-24 17:31:36 [438@SP-TI-A-C01]
An email to dalvarezc@saludpol.gob.pe was added to queue: [GLPI #0000006] Cierre de un incidente Impresora fallando
2017-08-24 17:31:38 [438@SP-TI-A-C01]
Correo de seguimiento enviado a fmendoza@saludpol.gob.pe: [GLPI #0000006] Cierre de un incidente Impresora fallando
2017-08-24 17:31:42 [438@SP-TI-A-C01]
Correo de seguimiento enviado a dalvarezc@saludpol.gob.pe: [GLPI #0000006] Cierre de un incidente Impresora fallando
2017-08-24 17:41:59 [4@SP-TI-A-C01]
An email to fmendoza@saludpol.gob.pe was added to queue: [GLPI #0000002] Cierre de un incidente SE COLGÓ LA PC
2017-08-24 17:41:59 [4@SP-TI-A-C01]
An email to lescalerar@saludpol.local was added to queue: [GLPI #0000002] Cierre de un incidente SE COLGÓ LA PC
2017-08-24 17:42:02 [4@SP-TI-A-C01]
Correo de seguimiento enviado a fmendoza@saludpol.gob.pe: [GLPI #0000002] Cierre de un incidente SE COLGÓ LA PC
2017-08-24 17:42:04 [4@SP-TI-A-C01]
Correo de seguimiento enviado a lescalerar@saludpol.local: [GLPI #0000002] Cierre de un incidente SE COLGÓ LA PC
2017-08-24 18:00:24 [4@SP-TI-A-C01]
An email to fmendoza@saludpol.gob.pe was added to queue: [GLPI #0000009] Actualización de un incidente ERROR
2017-08-24 18:00:24 [4@SP-TI-A-C01]
An email to cmantillar@saludpol.gob.pe was added to queue: [GLPI #0000009] Actualización de un incidente ERROR
2017-08-24 18:00:26 [4@SP-TI-A-C01]
Correo de seguimiento enviado a fmendoza@saludpol.gob.pe: [GLPI #0000009] Actualización de un incidente ERROR
2017-08-24 18:00:28 [4@SP-TI-A-C01]
Correo de seguimiento enviado a cmantillar@saludpol.gob.pe: [GLPI #0000009] Actualización de un incidente ERROR
2017-08-24 18:05:15 [184@SP-TI-A-C01]
An email to fmendoza@saludpol.gob.pe was added to queue: [GLPI #0000010] Nuevo incidente Error en Excel
2017-08-24 18:05:15 [184@SP-TI-A-C01]
An email to jsantistebanv@saludpol.gob.pe was added to queue: [GLPI #0000010] Nuevo incidente Error en Excel
2017-08-24 18:05:17 [184@SP-TI-A-C01]
Correo de seguimiento enviado a fmendoza@saludpol.gob.pe: [GLPI #0000010] Nuevo incidente Error en Excel
2017-08-24 18:05:19 [184@SP-TI-A-C01]
Correo de seguimiento enviado a jsantistebanv@saludpol.gob.pe: [GLPI #0000010] Nuevo incidente Error en Excel
2017-08-25 12:06:18 [3@SP-TI-A-C01]
An email to fmendoza@saludpol.gob.pe was added to queue: [GLPI #0000011] Nuevo incidente Error en Word
2017-08-25 12:06:20 [3@SP-TI-A-C01]
Correo de seguimiento enviado a fmendoza@saludpol.gob.pe: [GLPI #0000011] Nuevo incidente Error en Word
2017-08-25 16:27:06 [438@SP-TI-A-C01]
An email to fmendoza@saludpol.gob.pe was added to queue: [GLPI #0000009] Actualización de un incidente ERROR
2017-08-25 16:27:06 [438@SP-TI-A-C01]
An email to cmantillar@saludpol.gob.pe was added to queue: [GLPI #0000009] Actualización de un incidente ERROR
2017-08-25 16:27:08 [438@SP-TI-A-C01]
Correo de seguimiento enviado a fmendoza@saludpol.gob.pe: [GLPI #0000009] Actualización de un incidente ERROR
2017-08-25 16:27:11 [438@SP-TI-A-C01]
Correo de seguimiento enviado a cmantillar@saludpol.gob.pe: [GLPI #0000009] Actualización de un incidente ERROR
2017-08-25 17:08:09 [177@SP-TI-A-C01]
An email to fmendoza@saludpol.gob.pe was added to queue: [GLPI #0000012] Nuevo incidente solicita cambio de teclado
2017-08-25 17:08:09 [177@SP-TI-A-C01]
An email to lescalerar@saludpol.gob.pe was added to queue: [GLPI #0000012] Nuevo incidente solicita cambio de teclado
2017-08-25 17:08:11 [177@SP-TI-A-C01]
Correo de seguimiento enviado a fmendoza@saludpol.gob.pe: [GLPI #0000012] Nuevo incidente solicita cambio de teclado
2017-08-25 17:08:13 [177@SP-TI-A-C01]
Correo de seguimiento enviado a lescalerar@saludpol.gob.pe: [GLPI #0000012] Nuevo incidente solicita cambio de teclado
2017-08-25 17:54:33 [436@SP-TI-A-C01]
An email to fmendoza@saludpol.gob.pe was added to queue: [GLPI #0000013] Nuevo incidente problema en celular
2017-08-25 17:54:35 [436@SP-TI-A-C01]
Correo de seguimiento enviado a fmendoza@saludpol.gob.pe: [GLPI #0000013] Nuevo incidente problema en celular
2017-08-25 18:39:45 [436@SP-TI-A-C01]
An email to soportefmendoza@saludpol.gob.pe was added to queue: [GLPI #0000014] Nuevo incidente test
2017-08-25 18:39:45 [436@SP-TI-A-C01]
An email to fmendoza@saludpol.gob.pe was added to queue: [GLPI #0000014] Nuevo incidente test
2017-08-25 18:39:47 [436@SP-TI-A-C01]
Correo de seguimiento enviado a soportefmendoza@saludpol.gob.pe: [GLPI #0000014] Nuevo incidente test
2017-08-25 18:39:49 [436@SP-TI-A-C01]
Correo de seguimiento enviado a fmendoza@saludpol.gob.pe: [GLPI #0000014] Nuevo incidente test
2017-08-25 18:42:04 [436@SP-TI-A-C01]
An email to soporte@saludpol.gob.pe was added to queue: [GLPI #0000015] Nuevo incidente ERROR
2017-08-25 18:42:04 [436@SP-TI-A-C01]
An email to fmendoza@saludpol.gob.pe was added to queue: [GLPI #0000015] Nuevo incidente ERROR
2017-08-25 18:42:06 [436@SP-TI-A-C01]
Correo de seguimiento enviado a soporte@saludpol.gob.pe: [GLPI #0000015] Nuevo incidente ERROR
2017-08-25 18:42:08 [436@SP-TI-A-C01]
Correo de seguimiento enviado a fmendoza@saludpol.gob.pe: [GLPI #0000015] Nuevo incidente ERROR
2017-08-25 19:13:33 [436@SP-TI-A-C01]
An email to soporte@saludpol.gob.pe was added to queue: [GLPI #0000016] Nuevo incidente TEST3
2017-08-25 19:13:33 [436@SP-TI-A-C01]
An email to fmendoza@saludpol.gob.pe was added to queue: [GLPI #0000016] Nuevo incidente TEST3
2017-08-25 19:13:35 [436@SP-TI-A-C01]
Correo de seguimiento enviado a soporte@saludpol.gob.pe: [GLPI #0000016] Nuevo incidente TEST3
2017-08-25 19:13:37 [436@SP-TI-A-C01]
Correo de seguimiento enviado a fmendoza@saludpol.gob.pe: [GLPI #0000016] Nuevo incidente TEST3
2017-08-31 18:23:01 [436@SP-TI-A-C10]
An email to soporte@saludpol.gob.pe was added to queue: [GLPI #0000017] Nuevo incidente test
2017-08-31 18:23:01 [436@SP-TI-A-C10]
An email to fmendoza@saludpol.gob.pe was added to queue: [GLPI #0000017] Nuevo incidente test
2017-08-31 18:25:50 [@SP-TI-A-C10]
Correo de seguimiento enviado a soporte@saludpol.gob.pe: [GLPI #0000017] Nuevo incidente test
2017-08-31 18:25:53 [@SP-TI-A-C10]
Correo de seguimiento enviado a fmendoza@saludpol.gob.pe: [GLPI #0000017] Nuevo incidente test
2017-09-01 00:38:08 [438@SP-TI-A-C10]
An email to soporte@saludpol.gob.pe was added to queue: [GLPI #0000016] Actualización de un incidente TEST3
2017-09-01 00:38:08 [438@SP-TI-A-C10]
An email to cmantillar@saludpol.gob.pe was added to queue: [GLPI #0000016] Actualización de un incidente TEST3
2017-09-01 00:38:08 [438@SP-TI-A-C10]
An email to fmendoza@saludpol.gob.pe was added to queue: [GLPI #0000016] Actualización de un incidente TEST3
2017-09-07 15:44:29 [@SP-TI-A-C10]
Correo de seguimiento enviado a soporte@saludpol.gob.pe: [GLPI #0000016] Actualización de un incidente TEST3
2017-09-07 15:44:34 [@SP-TI-A-C10]
Correo de seguimiento enviado a cmantillar@saludpol.gob.pe: [GLPI #0000016] Actualización de un incidente TEST3
2017-09-07 15:44:36 [@SP-TI-A-C10]
Correo de seguimiento enviado a fmendoza@saludpol.gob.pe: [GLPI #0000016] Actualización de un incidente TEST3
